Copyright 1986-2019 Xilinx, Inc. All Rights Reserved.
-----------------------------------------------------------------------------------------------------
| Tool Version : Vivado v.2019.2.1 (lin64) Build 2729669 Thu Dec  5 04:48:12 MST 2019
| Date         : Sat Jun 25 19:21:02 2022
| Host         : etbplus1241 running 64-bit Ubuntu 20.04.3 LTS
| Command      : report_utilization -hierarchical -file nexys4ddr_utilization_hierarchical_synth.rpt
| Design       : nexys4ddr
| Device       : 7a100tcsg324-1
| Design State : Synthesized
-----------------------------------------------------------------------------------------------------

Utilization Design Information

Table of Contents
-----------------
1. Utilization by Hierarchy

1. Utilization by Hierarchy
---------------------------

+----------------------------+------------------+------------+------------+---------+------+------+--------+--------+--------------+
|          Instance          |      Module      | Total LUTs | Logic LUTs | LUTRAMs | SRLs |  FFs | RAMB36 | RAMB18 | DSP48 Blocks |
+----------------------------+------------------+------------+------------+---------+------+------+--------+--------+--------------+
| nexys4ddr                  |            (top) |       3150 |       3118 |      32 |    0 | 2711 |     15 |      8 |            4 |
|   (nexys4ddr)              |            (top) |        726 |        694 |      32 |    0 | 1432 |     14 |      0 |            0 |
|   VexRiscv                 |         VexRiscv |       2411 |       2411 |       0 |    0 | 1258 |      1 |      8 |            4 |
|     (VexRiscv)             |         VexRiscv |        889 |        889 |       0 |    0 | 1082 |      0 |      2 |            4 |
|     IBusCachedPlugin_cache | InstructionCache |        963 |        963 |       0 |    0 |  111 |      1 |      1 |            0 |
|     dataCache_1            |        DataCache |        559 |        559 |       0 |    0 |   65 |      0 |      5 |            0 |
|   servo                    |            servo |         13 |         13 |       0 |    0 |   21 |      0 |      0 |            0 |
+----------------------------+------------------+------------+------------+---------+------+------+--------+--------+--------------+


